d:\00_working\00_openholo\openholo\graphics\build\x64\release\frustum.obj
d:\00_working\00_openholo\openholo\graphics\build\x64\release\frame.obj
d:\00_working\00_openholo\openholo\graphics\build\x64\release\font.obj
d:\00_working\00_openholo\openholo\graphics\build\x64\release\fmatrix.obj
d:\00_working\00_openholo\openholo\graphics\build\x64\release\event.obj
d:\00_working\00_openholo\openholo\graphics\build\x64\release\eulerangles.obj
d:\00_working\00_openholo\openholo\graphics\build\x64\release\epsilon.obj
d:\00_working\00_openholo\openholo\graphics\build\x64\release\displacement_map.obj
d:\00_working\00_openholo\openholo\graphics\build\x64\release\delaunay.obj
d:\00_working\00_openholo\openholo\graphics\build\x64\release\computeshader.obj
d:\00_working\00_openholo\openholo\graphics\build\x64\release\color_buffer64.obj
d:\00_working\00_openholo\openholo\graphics\build\x64\release\color_buffer.obj
d:\00_working\00_openholo\openholo\graphics\build\x64\release\color.obj
d:\00_working\00_openholo\openholo\graphics\build\x64\release\change_type.obj
d:\00_working\00_openholo\openholo\graphics\build\x64\release\camera_map.obj
d:\00_working\00_openholo\openholo\graphics\build\x64\release\camerainterface.obj
d:\00_working\00_openholo\openholo\graphics\build\x64\release\camera.obj
d:\00_working\00_openholo\openholo\graphics\build\x64\release\bit_count.obj
d:\00_working\00_openholo\openholo\graphics\build\x64\release\binomial.obj
d:\00_working\00_openholo\openholo\graphics\build\x64\release\barycentric.obj
d:\00_working\00_openholo\openholo\graphics\build\x64\release\matrix3x3.obj
d:\00_working\00_openholo\openholo\graphics\build\x64\release\matrix.obj
d:\00_working\00_openholo\openholo\graphics\build\x64\release\material_shader.obj
d:\00_working\00_openholo\openholo\graphics\build\x64\release\lu_decomp.obj
d:\00_working\00_openholo\openholo\graphics\build\x64\release\log.obj
d:\00_working\00_openholo\openholo\graphics\build\x64\release\keystate.obj
d:\00_working\00_openholo\openholo\graphics\build\x64\release\ivec.obj
d:\00_working\00_openholo\openholo\graphics\build\x64\release\interval.obj
d:\00_working\00_openholo\openholo\graphics\build\x64\release\intersection.obj
d:\00_working\00_openholo\openholo\graphics\build\x64\release\homography.obj
d:\00_working\00_openholo\openholo\graphics\build\x64\release\heap.obj
d:\00_working\00_openholo\openholo\graphics\build\x64\release\gmatrix.obj
d:\00_working\00_openholo\openholo\graphics\build\x64\release\gl_stat.obj
d:\00_working\00_openholo\openholo\graphics\build\x64\release\gl_extension.obj
d:\00_working\00_openholo\openholo\graphics\build\x64\release\gl_draw.obj
d:\00_working\00_openholo\openholo\graphics\build\x64\release\glmultigpu.obj
d:\00_working\00_openholo\openholo\graphics\build\x64\release\glinfo.obj
d:\00_working\00_openholo\openholo\graphics\build\x64\release\gl.obj
d:\00_working\00_openholo\openholo\graphics\build\x64\release\ghash.obj
d:\00_working\00_openholo\openholo\graphics\build\x64\release\geom.obj
d:\00_working\00_openholo\openholo\graphics\build\x64\release\render_bezier_join.obj
d:\00_working\00_openholo\openholo\graphics\build\x64\release\render_bezier.obj
d:\00_working\00_openholo\openholo\graphics\build\x64\release\render_alpha_bar.obj
d:\00_working\00_openholo\openholo\graphics\build\x64\release\render_alpha.obj
d:\00_working\00_openholo\openholo\graphics\build\x64\release\real.obj
d:\00_working\00_openholo\openholo\graphics\build\x64\release\rasterizer.obj
d:\00_working\00_openholo\openholo\graphics\build\x64\release\quater_param.obj
d:\00_working\00_openholo\openholo\graphics\build\x64\release\quater.obj
d:\00_working\00_openholo\openholo\graphics\build\x64\release\qr.obj
d:\00_working\00_openholo\openholo\graphics\build\x64\release\projector.obj
d:\00_working\00_openholo\openholo\graphics\build\x64\release\pqueue.obj
d:\00_working\00_openholo\openholo\graphics\build\x64\release\pixelbufferobj.obj
d:\00_working\00_openholo\openholo\graphics\build\x64\release\parametrize.obj
d:\00_working\00_openholo\openholo\graphics\build\x64\release\object_space_path.obj
d:\00_working\00_openholo\openholo\graphics\build\x64\release\object_space.obj
d:\00_working\00_openholo\openholo\graphics\build\x64\release\misc.obj
d:\00_working\00_openholo\openholo\graphics\build\x64\release\minmax.obj
d:\00_working\00_openholo\openholo\graphics\build\x64\release\matrix_math.obj
d:\00_working\00_openholo\openholo\graphics\build\x64\release\matrix4x4.obj
d:\00_working\00_openholo\openholo\graphics\build\x64\release\matrix3x4.obj
d:\00_working\00_openholo\openholo\graphics\build\x64\release\slic.obj
d:\00_working\00_openholo\openholo\graphics\build\x64\release\simple_curve.obj
d:\00_working\00_openholo\openholo\graphics\build\x64\release\simple_b_rep.obj
d:\00_working\00_openholo\openholo\graphics\build\x64\release\shadow_map.obj
d:\00_working\00_openholo\openholo\graphics\build\x64\release\shader.obj
d:\00_working\00_openholo\openholo\graphics\build\x64\release\seed_fill.obj
d:\00_working\00_openholo\openholo\graphics\build\x64\release\scaled_frame.obj
d:\00_working\00_openholo\openholo\graphics\build\x64\release\render_scalar_bw.obj
d:\00_working\00_openholo\openholo\graphics\build\x64\release\render_scalar.obj
d:\00_working\00_openholo\openholo\graphics\build\x64\release\render_path.obj
d:\00_working\00_openholo\openholo\graphics\build\x64\release\render_normal_color.obj
d:\00_working\00_openholo\openholo\graphics\build\x64\release\render_normal.obj
d:\00_working\00_openholo\openholo\graphics\build\x64\release\render_line.obj
d:\00_working\00_openholo\openholo\graphics\build\x64\release\render_legend_bw.obj
d:\00_working\00_openholo\openholo\graphics\build\x64\release\render_legend.obj
d:\00_working\00_openholo\openholo\graphics\build\x64\release\render_hsv_bar.obj
d:\00_working\00_openholo\openholo\graphics\build\x64\release\render_hsv.obj
d:\00_working\00_openholo\openholo\graphics\build\x64\release\render_homography.obj
d:\00_working\00_openholo\openholo\graphics\build\x64\release\render_buffer.obj
d:\00_working\00_openholo\openholo\graphics\build\x64\release\render_bezier_path.obj
d:\00_working\00_openholo\openholo\graphics\build\x64\release\_limits.obj
d:\00_working\00_openholo\openholo\graphics\build\x64\release\yuvtorgb_shader.obj
d:\00_working\00_openholo\openholo\graphics\build\x64\release\xform.obj
d:\00_working\00_openholo\openholo\graphics\build\x64\release\virtual_model.obj
d:\00_working\00_openholo\openholo\graphics\build\x64\release\vec_abs.obj
d:\00_working\00_openholo\openholo\graphics\build\x64\release\vector.obj
d:\00_working\00_openholo\openholo\graphics\build\x64\release\vec.obj
d:\00_working\00_openholo\openholo\graphics\build\x64\release\unsigned.obj
d:\00_working\00_openholo\openholo\graphics\build\x64\release\triangle.obj
d:\00_working\00_openholo\openholo\graphics\build\x64\release\timer.obj
d:\00_working\00_openholo\openholo\graphics\build\x64\release\texture_buffer.obj
d:\00_working\00_openholo\openholo\graphics\build\x64\release\texttexture.obj
d:\00_working\00_openholo\openholo\graphics\build\x64\release\teapot.obj
d:\00_working\00_openholo\openholo\graphics\build\x64\release\sys.obj
d:\00_working\00_openholo\openholo\graphics\build\x64\release\string_manip.obj
d:\00_working\00_openholo\openholo\graphics\build\x64\release\streamtexturergb.obj
d:\00_working\00_openholo\openholo\graphics\build\x64\release\streamtexture.obj
d:\00_working\00_openholo\openholo\graphics\build\x64\release\square.obj
d:\00_working\00_openholo\openholo\graphics\build\x64\release\solve.obj
d:\00_working\00_openholo\openholo\graphics\build\x64\release\slic_hierarchy.obj
d:\00_working\00_openholo\openholo\lib\graphics.lib
d:\00_working\00_openholo\openholo\hologramdepthmap\..\lib\graphics.lib
d:\00_working\00_openholo\openholo\graphics\build\x64\release\graphics.tlog\cl.command.1.tlog
d:\00_working\00_openholo\openholo\graphics\build\x64\release\graphics.tlog\cl.read.1.tlog
d:\00_working\00_openholo\openholo\graphics\build\x64\release\graphics.tlog\cl.write.1.tlog
d:\00_working\00_openholo\openholo\graphics\build\x64\release\graphics.tlog\lib-link.read.1.tlog
d:\00_working\00_openholo\openholo\graphics\build\x64\release\graphics.tlog\lib-link.write.1.tlog
d:\00_working\00_openholo\openholo\graphics\build\x64\release\graphics.tlog\lib.command.1.tlog
