d:\00_working\00_openholo\openholo\hologramdepthmap\hologramdepthmap\x64\release\qrc_hologramdepthmap.obj
d:\00_working\00_openholo\openholo\hologramdepthmap\hologramdepthmap\x64\release\main.obj
d:\00_working\00_openholo\openholo\hologramdepthmap\hologramdepthmap\x64\release\hologramdepthmap.obj
d:\00_working\00_openholo\openholo\hologramdepthmap\hologramdepthmap\x64\release\moc_hologramdepthmap.obj
d:\00_working\00_openholo\openholo\hologramdepthmap\hologramdepthmap\generatedfiles\release\moc_hologramdepthmap.cpp
d:\00_working\00_openholo\openholo\hologramdepthmap\hologramdepthmap\generatedfiles\ui_hologramdepthmap.h
d:\00_working\00_openholo\openholo\hologramdepthmap\hologramdepthmap\generatedfiles\qrc_hologramdepthmap.cpp
d:\00_working\00_openholo\openholo\bin\hologramdepthmap.exe
d:\00_working\00_openholo\openholo\bin\hologramdepthmap.pdb
d:\00_working\00_openholo\openholo\hologramdepthmap\..\bin\hologramdepthmap.pdb
d:\00_working\00_openholo\openholo\hologramdepthmap\..\bin\hologramdepthmap.exe
d:\00_working\00_openholo\openholo\hologramdepthmap\hologramdepthmap\x64\release\hologramdepthmap.tlog\cl.command.1.tlog
d:\00_working\00_openholo\openholo\hologramdepthmap\hologramdepthmap\x64\release\hologramdepthmap.tlog\cl.read.1.tlog
d:\00_working\00_openholo\openholo\hologramdepthmap\hologramdepthmap\x64\release\hologramdepthmap.tlog\cl.write.1.tlog
d:\00_working\00_openholo\openholo\hologramdepthmap\hologramdepthmap\x64\release\hologramdepthmap.tlog\custombuild.command.1.tlog
d:\00_working\00_openholo\openholo\hologramdepthmap\hologramdepthmap\x64\release\hologramdepthmap.tlog\custombuild.read.1.tlog
d:\00_working\00_openholo\openholo\hologramdepthmap\hologramdepthmap\x64\release\hologramdepthmap.tlog\custombuild.write.1.tlog
d:\00_working\00_openholo\openholo\hologramdepthmap\hologramdepthmap\x64\release\hologramdepthmap.tlog\link.command.1.tlog
d:\00_working\00_openholo\openholo\hologramdepthmap\hologramdepthmap\x64\release\hologramdepthmap.tlog\link.read.1.tlog
d:\00_working\00_openholo\openholo\hologramdepthmap\hologramdepthmap\x64\release\hologramdepthmap.tlog\link.write.1.tlog
