빌드 시작: 2017-10-26 오후 9:45:02
     1>2 노드의 "D:\Yanling\my_code\OpenHoloWRP\OpenHoloWRP\OpenHoloWRP.vcxproj" 프로젝트(Build 대상)입니다.
     1>ClCompile:
         C:\Program Files (x86)\Microsoft Visual Studio 12.0\VC\bin\x86_amd64\CL.exe /c /I"D:\Yanling\cwo0.31-x64\src" /ID:\program_tool\opencv2413\opencv\build\include /I"C:\Program Files\NVIDIA GPU Computing Toolkit\CUDA\v7.5\include" /Zi /nologo /W3 /WX- /Od /D WIN32 /D _WINDOWS /D _DEBUG /D _MBCS /D _AFXDLL /Gm /EHsc /RTC1 /MDd /GS /fp:precise /Zc:wchar_t /Zc:forScope /Yu"stdafx.h" /Fp"x64\Debug\OpenHoloWRP.pch" /Fo"x64\Debug\\" /Fd"x64\Debug\vc120.pdb" /Gd /TP /errorReport:prompt OpenHoloWRP.cpp OpenHoloWRPDlg.cpp
         OpenHoloWRPDlg.cpp
     1>d:\yanling\cwo0.31-x64\src\cwo_lib.h(776): warning C4190: 'cwoInterNearest'에 C 링크를 지정했으나 C와 호환되지 않는 UDT 'cwoComplex'을(를) 반환합니다.
                 d:\yanling\cwo0.31-x64\src\cwo_lib.h(287) : 'cwoComplex' 선언을 참조하십시오.
     1>d:\yanling\cwo0.31-x64\src\cwo_lib.h(786): warning C4190: 'cwoInterLinear'에 C 링크를 지정했으나 C와 호환되지 않는 UDT 'cwoComplex'을(를) 반환합니다.
                 d:\yanling\cwo0.31-x64\src\cwo_lib.h(287) : 'cwoComplex' 선언을 참조하십시오.
     1>d:\yanling\cwo0.31-x64\src\cwo_lib.h(796): warning C4190: 'cwoInterCubic'에 C 링크를 지정했으나 C와 호환되지 않는 UDT 'cwoComplex'을(를) 반환합니다.
                 d:\yanling\cwo0.31-x64\src\cwo_lib.h(287) : 'cwoComplex' 선언을 참조하십시오.
     1>d:\yanling\cwo0.31-x64\src\cwo_lib.h(806): warning C4190: 'cwoInterLanczos'에 C 링크를 지정했으나 C와 호환되지 않는 UDT 'cwoComplex'을(를) 반환합니다.
                 d:\yanling\cwo0.31-x64\src\cwo_lib.h(287) : 'cwoComplex' 선언을 참조하십시오.
     1>d:\yanling\my_code\openholowrp\openholowrp\WRP.h(11): warning C4067: 전처리기 지시문 다음에 예기치 않은 토큰이 있습니다. 줄 바꿈 문자가 필요합니다.
         코드를 생성하고 있습니다...
         컴파일하고 있습니다...
         OpenHoloWRP.cpp
     1>d:\yanling\cwo0.31-x64\src\cwo_lib.h(776): warning C4190: 'cwoInterNearest'에 C 링크를 지정했으나 C와 호환되지 않는 UDT 'cwoComplex'을(를) 반환합니다.
                 d:\yanling\cwo0.31-x64\src\cwo_lib.h(287) : 'cwoComplex' 선언을 참조하십시오.
     1>d:\yanling\cwo0.31-x64\src\cwo_lib.h(786): warning C4190: 'cwoInterLinear'에 C 링크를 지정했으나 C와 호환되지 않는 UDT 'cwoComplex'을(를) 반환합니다.
                 d:\yanling\cwo0.31-x64\src\cwo_lib.h(287) : 'cwoComplex' 선언을 참조하십시오.
     1>d:\yanling\cwo0.31-x64\src\cwo_lib.h(796): warning C4190: 'cwoInterCubic'에 C 링크를 지정했으나 C와 호환되지 않는 UDT 'cwoComplex'을(를) 반환합니다.
                 d:\yanling\cwo0.31-x64\src\cwo_lib.h(287) : 'cwoComplex' 선언을 참조하십시오.
     1>d:\yanling\cwo0.31-x64\src\cwo_lib.h(806): warning C4190: 'cwoInterLanczos'에 C 링크를 지정했으나 C와 호환되지 않는 UDT 'cwoComplex'을(를) 반환합니다.
                 d:\yanling\cwo0.31-x64\src\cwo_lib.h(287) : 'cwoComplex' 선언을 참조하십시오.
     1>d:\yanling\my_code\openholowrp\openholowrp\WRP.h(11): warning C4067: 전처리기 지시문 다음에 예기치 않은 토큰이 있습니다. 줄 바꿈 문자가 필요합니다.
         코드를 생성하고 있습니다...
       ResourceCompile:
         C:\Program Files (x86)\Windows Kits\8.1\bin\x86\rc.exe /D _DEBUG /D _AFXDLL /l"0x0412" /Ix64\Debug\ /nologo /fo"x64\Debug\OpenHoloWRP.res" OpenHoloWRP.rc 
       Link:
         C:\Program Files (x86)\Microsoft Visual Studio 12.0\VC\bin\x86_amd64\link.exe /ERRORREPORT:PROMPT /OUT:"D:\Yanling\my_code\OpenHoloWRP\x64\Debug\OpenHoloWRP.exe" /INCREMENTAL /NOLOGO /LIBPATH:"D:\Yanling\cwo0.31-x64\dll" /LIBPATH:D:\program_tool\opencv2413\opencv\build\x64\vc12\lib cwo.lib opencv_calib3d2413d.lib opencv_contrib2413d.lib opencv_core2413d.lib opencv_features2d2413d.lib opencv_flann2413d.lib opencv_gpu2413d.lib opencv_highgui2413d.lib opencv_imgproc2413d.lib opencv_legacy2413d.lib opencv_ml2413d.lib opencv_nonfree2413d.lib opencv_objdetect2413d.lib opencv_ocl2413d.lib opencv_photo2413d.lib opencv_stitching2413d.lib opencv_superres2413d.lib opencv_ts2413d.lib opencv_video2413d.lib opencv_videostab2413d.lib /MANIFEST /MANIFESTUAC:"level='asInvoker' uiAccess='false'" /manifest:embed /manifestinput:"C:\Program Files (x86)\Microsoft Visual Studio 12.0\VC\Include\Manifest\dpiaware.manifest" /DEBUG /PDB:"D:\Yanling\my_code\OpenHoloWRP\x64\Debug\OpenHoloWRP.pdb" /SUBSYSTEM:WINDOWS /TLBID:1 /DYNAMICBASE /NXCOMPAT /IMPLIB:"D:\Yanling\my_code\OpenHoloWRP\x64\Debug\OpenHoloWRP.lib" /MACHINE:X64 x64\Debug\OpenHoloWRP.res
         x64\Debug\cwo.obj
         x64\Debug\OpenHoloWRP.obj
         x64\Debug\OpenHoloWRPDlg.obj
         x64\Debug\stdafx.obj
         x64\Debug\WRP.obj
         OpenHoloWRP.vcxproj -> D:\Yanling\my_code\OpenHoloWRP\x64\Debug\OpenHoloWRP.exe
     1>"D:\Yanling\my_code\OpenHoloWRP\OpenHoloWRP\OpenHoloWRP.vcxproj" 프로젝트를 빌드했습니다(Build 대상).

빌드했습니다.

경과 시간: 00:00:05.49
